This file contains any messages produced by compilers while
running configure, to aid debugging if configure makes a mistake.

It was created by connectk configure 2.0, which was
generated by GNU Autoconf 2.68.  Invocation command line was

  $ ./configure LIBS=-lm CFLAGS=-std=c99

## --------- ##
## Platform. ##
## --------- ##

hostname = cambox
uname -m = i686
uname -r = 3.2.1-1-ARCH
uname -s = Linux
uname -v = #1 SMP PREEMPT Fri Jan 13 08:19:09 UTC 2012

/usr/bin/uname -p = unknown
/bin/uname -X     = unknown

/bin/arch              = i686
/usr/bin/arch -k       = unknown
/usr/convex/getsysinfo = unknown
/usr/bin/hostinfo      = unknown
/bin/machine           = unknown
/usr/bin/oslevel       = unknown
/bin/universe          = unknown

PATH: /usr/local/bin
PATH: /usr/bin
PATH: /bin
PATH: /usr/local/sbin
PATH: /usr/sbin
PATH: /sbin
PATH: /opt/kde/bin
PATH: /usr/bin/vendor_perl
PATH: /usr/bin/core_perl
PATH: /opt/qt/bin


## ----------- ##
## Core tests. ##
## ----------- ##

configure:1907: checking for a BSD-compatible install
configure:1975: result: /bin/install -c
configure:1986: checking whether build environment is sane
configure:2036: result: yes
configure:2177: checking for a thread-safe mkdir -p
configure:2216: result: /bin/mkdir -p
configure:2229: checking for gawk
configure:2245: found /usr/bin/gawk
configure:2256: result: gawk
configure:2267: checking whether make sets $(MAKE)
configure:2289: result: yes
configure:2422: checking for gcc
configure:2438: found /usr/bin/gcc
configure:2449: result: gcc
configure:2678: checking for C compiler version
configure:2687: gcc --version >&5
gcc (GCC) 4.6.2 20111223 (prerelease)
Copyright (C) 2011 Free Software Foundation, Inc.
This is free software; see the source for copying conditions.  There is NO
warranty; not even for MERCHANTABILITY or FITNESS FOR A PARTICULAR PURPOSE.

configure:2698: $? = 0
configure:2687: gcc -v >&5
Using built-in specs.
COLLECT_GCC=gcc
COLLECT_LTO_WRAPPER=/usr/lib/gcc/i686-pc-linux-gnu/4.6.2/lto-wrapper
Target: i686-pc-linux-gnu
Configured with: /build/src/gcc-4.6-20111223/configure --prefix=/usr --libdir=/usr/lib --libexecdir=/usr/lib --mandir=/usr/share/man --infodir=/usr/share/info --with-bugurl=https://bugs.archlinux.org/ --enable-languages=c,c++,ada,fortran,go,lto,objc,obj-c++ --enable-shared --enable-threads=posix --with-system-zlib --enable-__cxa_atexit --disable-libunwind-exceptions --enable-clocale=gnu --enable-gnu-unique-object --enable-linker-build-id --with-ppl --enable-cloog-backend=isl --enable-lto --enable-gold --enable-ld=default --enable-plugin --with-plugin-ld=ld.gold --disable-multilib --disable-libssp --disable-libstdcxx-pch --enable-checking=release
Thread model: posix
gcc version 4.6.2 20111223 (prerelease) (GCC) 
configure:2698: $? = 0
configure:2687: gcc -V >&5
gcc: error: unrecognized option '-V'
gcc: fatal error: no input files
compilation terminated.
configure:2698: $? = 1
configure:2687: gcc -qversion >&5
gcc: error: unrecognized option '-qversion'
gcc: fatal error: no input files
compilation terminated.
configure:2698: $? = 1
configure:2718: checking whether the C compiler works
configure:2740: gcc -std=c99   conftest.c -lm >&5
configure:2744: $? = 0
configure:2792: result: yes
configure:2795: checking for C compiler default output file name
configure:2797: result: a.out
configure:2803: checking for suffix of executables
configure:2810: gcc -o conftest -std=c99   conftest.c -lm >&5
configure:2814: $? = 0
configure:2836: result: 
configure:2858: checking whether we are cross compiling
configure:2866: gcc -o conftest -std=c99   conftest.c -lm >&5
configure:2870: $? = 0
configure:2877: ./conftest
configure:2881: $? = 0
configure:2896: result: no
configure:2901: checking for suffix of object files
configure:2923: gcc -c -std=c99  conftest.c >&5
configure:2927: $? = 0
configure:2948: result: o
configure:2952: checking whether we are using the GNU C compiler
configure:2971: gcc -c -std=c99  conftest.c >&5
configure:2971: $? = 0
configure:2980: result: yes
configure:2989: checking whether gcc accepts -g
configure:3009: gcc -c -g  conftest.c >&5
configure:3009: $? = 0
configure:3050: result: yes
configure:3067: checking for gcc option to accept ISO C89
configure:3131: gcc  -c -std=c99  conftest.c >&5
configure:3131: $? = 0
configure:3144: result: none needed
configure:3175: checking for style of include used by make
configure:3203: result: GNU
configure:3229: checking dependency style of gcc
configure:3340: result: gcc3
configure:3412: checking for pkg-config
configure:3430: found /usr/bin/pkg-config
configure:3442: result: /usr/bin/pkg-config
configure:3467: checking pkg-config is at least version 0.9.0
configure:3470: result: yes
configure:3480: checking for GTK
configure:3487: $PKG_CONFIG --exists --print-errors "gtk+-2.0 glib-2.0 gthread-2.0"
configure:3490: $? = 0
configure:3504: $PKG_CONFIG --exists --print-errors "gtk+-2.0 glib-2.0 gthread-2.0"
configure:3507: $? = 0
configure:3565: result: yes
configure:3579: checking how to run the C preprocessor
configure:3610: gcc -E  conftest.c
configure:3610: $? = 0
configure:3624: gcc -E  conftest.c
conftest.c:11:28: fatal error: ac_nonexistent.h: No such file or directory
compilation terminated.
configure:3624: $? = 1
configure: failed program was:
| /* confdefs.h */
| #define PACKAGE_NAME "connectk"
| #define PACKAGE_TARNAME "connectk"
| #define PACKAGE_VERSION "2.0"
| #define PACKAGE_STRING "connectk 2.0"
| #define PACKAGE_BUGREPORT "levi0190@umn.edu"
| #define PACKAGE_URL ""
| #define PACKAGE "connectk"
| #define VERSION "2.0"
| /* end confdefs.h.  */
| #include <ac_nonexistent.h>
configure:3649: result: gcc -E
configure:3669: gcc -E  conftest.c
configure:3669: $? = 0
configure:3683: gcc -E  conftest.c
conftest.c:11:28: fatal error: ac_nonexistent.h: No such file or directory
compilation terminated.
configure:3683: $? = 1
configure: failed program was:
| /* confdefs.h */
| #define PACKAGE_NAME "connectk"
| #define PACKAGE_TARNAME "connectk"
| #define PACKAGE_VERSION "2.0"
| #define PACKAGE_STRING "connectk 2.0"
| #define PACKAGE_BUGREPORT "levi0190@umn.edu"
| #define PACKAGE_URL ""
| #define PACKAGE "connectk"
| #define VERSION "2.0"
| /* end confdefs.h.  */
| #include <ac_nonexistent.h>
configure:3712: checking for grep that handles long lines and -e
configure:3770: result: /bin/grep
configure:3775: checking for egrep
configure:3837: result: /bin/grep -E
configure:3842: checking for ANSI C header files
configure:3862: gcc -c -std=c99  conftest.c >&5
configure:3862: $? = 0
configure:3935: gcc -o conftest -std=c99   conftest.c -lm >&5
configure:3935: $? = 0
configure:3935: ./conftest
configure:3935: $? = 0
configure:3946: result: yes
configure:4091: creating ./config.status

## ---------------------- ##
## Running config.status. ##
## ---------------------- ##

This file was extended by connectk config.status 2.0, which was
generated by GNU Autoconf 2.68.  Invocation command line was

  CONFIG_FILES    = 
  CONFIG_HEADERS  = 
  CONFIG_LINKS    = 
  CONFIG_COMMANDS = 
  $ ./config.status 

on cambox

config.status:858: creating Makefile
config.status:858: creating config.h
config.status:1039: config.h is unchanged
config.status:1087: executing depfiles commands

## ---------------- ##
## Cache variables. ##
## ---------------- ##

ac_cv_c_compiler_gnu=yes
ac_cv_env_CC_set=
ac_cv_env_CC_value=
ac_cv_env_CFLAGS_set=set
ac_cv_env_CFLAGS_value=-std=c99
ac_cv_env_CPPFLAGS_set=
ac_cv_env_CPPFLAGS_value=
ac_cv_env_CPP_set=
ac_cv_env_CPP_value=
ac_cv_env_GTK_CFLAGS_set=
ac_cv_env_GTK_CFLAGS_value=
ac_cv_env_GTK_LIBS_set=
ac_cv_env_GTK_LIBS_value=
ac_cv_env_LDFLAGS_set=
ac_cv_env_LDFLAGS_value=
ac_cv_env_LIBS_set=set
ac_cv_env_LIBS_value=-lm
ac_cv_env_PKG_CONFIG_LIBDIR_set=
ac_cv_env_PKG_CONFIG_LIBDIR_value=
ac_cv_env_PKG_CONFIG_PATH_set=set
ac_cv_env_PKG_CONFIG_PATH_value=:/opt/qt/lib/pkgconfig
ac_cv_env_PKG_CONFIG_set=
ac_cv_env_PKG_CONFIG_value=
ac_cv_env_build_alias_set=
ac_cv_env_build_alias_value=
ac_cv_env_host_alias_set=
ac_cv_env_host_alias_value=
ac_cv_env_target_alias_set=
ac_cv_env_target_alias_value=
ac_cv_header_stdc=yes
ac_cv_objext=o
ac_cv_path_EGREP='/bin/grep -E'
ac_cv_path_GREP=/bin/grep
ac_cv_path_ac_pt_PKG_CONFIG=/usr/bin/pkg-config
ac_cv_path_install='/bin/install -c'
ac_cv_path_mkdir=/bin/mkdir
ac_cv_prog_AWK=gawk
ac_cv_prog_CPP='gcc -E'
ac_cv_prog_ac_ct_CC=gcc
ac_cv_prog_cc_c89=
ac_cv_prog_cc_g=yes
ac_cv_prog_make_make_set=yes
am_cv_CC_dependencies_compiler_type=gcc3
pkg_cv_GTK_CFLAGS='-pthread -I/usr/include/gtk-2.0 -I/usr/lib/gtk-2.0/include -I/usr/include/atk-1.0 -I/usr/include/cairo -I/usr/include/gdk-pixbuf-2.0 -I/usr/include/pango-1.0 -I/usr/include/glib-2.0 -I/usr/lib/glib-2.0/include -I/usr/include/pixman-1 -I/usr/include/freetype2 -I/usr/include/libpng14  '
pkg_cv_GTK_LIBS='-pthread -lgtk-x11-2.0 -lgdk-x11-2.0 -latk-1.0 -lgio-2.0 -lpangoft2-1.0 -lpangocairo-1.0 -lgdk_pixbuf-2.0 -lcairo -lpango-1.0 -lfreetype -lfontconfig -lgobject-2.0 -lgmodule-2.0 -lgthread-2.0 -lrt -lglib-2.0  '

## ----------------- ##
## Output variables. ##
## ----------------- ##

ACLOCAL='${SHELL} /home/wk/dissertation/connectk-2.0/missing --run aclocal-1.11'
AMDEPBACKSLASH='\'
AMDEP_FALSE='#'
AMDEP_TRUE=''
AMTAR='${SHELL} /home/wk/dissertation/connectk-2.0/missing --run tar'
AUTOCONF='${SHELL} /home/wk/dissertation/connectk-2.0/missing --run autoconf'
AUTOHEADER='${SHELL} /home/wk/dissertation/connectk-2.0/missing --run autoheader'
AUTOMAKE='${SHELL} /home/wk/dissertation/connectk-2.0/missing --run automake-1.11'
AWK='gawk'
CC='gcc'
CCDEPMODE='depmode=gcc3'
CFLAGS='-std=c99'
CPP='gcc -E'
CPPFLAGS=''
CYGPATH_W='echo'
DEFS='-DHAVE_CONFIG_H'
DEPDIR='.deps'
ECHO_C=''
ECHO_N='-n'
ECHO_T=''
EGREP='/bin/grep -E'
EXEEXT=''
GREP='/bin/grep'
GTK_CFLAGS='-pthread -I/usr/include/gtk-2.0 -I/usr/lib/gtk-2.0/include -I/usr/include/atk-1.0 -I/usr/include/cairo -I/usr/include/gdk-pixbuf-2.0 -I/usr/include/pango-1.0 -I/usr/include/glib-2.0 -I/usr/lib/glib-2.0/include -I/usr/include/pixman-1 -I/usr/include/freetype2 -I/usr/include/libpng14  '
GTK_LIBS='-pthread -lgtk-x11-2.0 -lgdk-x11-2.0 -latk-1.0 -lgio-2.0 -lpangoft2-1.0 -lpangocairo-1.0 -lgdk_pixbuf-2.0 -lcairo -lpango-1.0 -lfreetype -lfontconfig -lgobject-2.0 -lgmodule-2.0 -lgthread-2.0 -lrt -lglib-2.0  '
INSTALL_DATA='${INSTALL} -m 644'
INSTALL_PROGRAM='${INSTALL}'
INSTALL_SCRIPT='${INSTALL}'
INSTALL_STRIP_PROGRAM='$(install_sh) -c -s'
LDFLAGS=''
LIBOBJS=''
LIBS='-lm'
LTLIBOBJS=''
MAKEINFO='${SHELL} /home/wk/dissertation/connectk-2.0/missing --run makeinfo'
MKDIR_P='/bin/mkdir -p'
OBJEXT='o'
PACKAGE='connectk'
PACKAGE_BUGREPORT='levi0190@umn.edu'
PACKAGE_NAME='connectk'
PACKAGE_STRING='connectk 2.0'
PACKAGE_TARNAME='connectk'
PACKAGE_URL=''
PACKAGE_VERSION='2.0'
PATH_SEPARATOR=':'
PKG_CONFIG='/usr/bin/pkg-config'
PKG_CONFIG_LIBDIR=''
PKG_CONFIG_PATH=':/opt/qt/lib/pkgconfig'
SET_MAKE=''
SHELL='/bin/sh'
STRIP=''
VERSION='2.0'
ac_ct_CC='gcc'
am__EXEEXT_FALSE=''
am__EXEEXT_TRUE='#'
am__fastdepCC_FALSE='#'
am__fastdepCC_TRUE=''
am__include='include'
am__isrc=''
am__leading_dot='.'
am__nodep='_no'
am__quote=''
am__tar='${AMTAR} chof - "$$tardir"'
am__untar='${AMTAR} xf -'
bindir='${exec_prefix}/bin'
build_alias=''
datadir='${datarootdir}'
datarootdir='${prefix}/share'
docdir='${datarootdir}/doc/${PACKAGE_TARNAME}'
dvidir='${docdir}'
exec_prefix='${prefix}'
host_alias=''
htmldir='${docdir}'
includedir='${prefix}/include'
infodir='${datarootdir}/info'
install_sh='${SHELL} /home/wk/dissertation/connectk-2.0/install-sh'
libdir='${exec_prefix}/lib'
libexecdir='${exec_prefix}/libexec'
localedir='${datarootdir}/locale'
localstatedir='${prefix}/var'
mandir='${datarootdir}/man'
mkdir_p='/bin/mkdir -p'
oldincludedir='/usr/include'
pdfdir='${docdir}'
prefix='/usr/local'
program_transform_name='s,x,x,'
psdir='${docdir}'
sbindir='${exec_prefix}/sbin'
sharedstatedir='${prefix}/com'
sysconfdir='${prefix}/etc'
target_alias=''

## ----------- ##
## confdefs.h. ##
## ----------- ##

/* confdefs.h */
#define PACKAGE_NAME "connectk"
#define PACKAGE_TARNAME "connectk"
#define PACKAGE_VERSION "2.0"
#define PACKAGE_STRING "connectk 2.0"
#define PACKAGE_BUGREPORT "levi0190@umn.edu"
#define PACKAGE_URL ""
#define PACKAGE "connectk"
#define VERSION "2.0"
#define STDC_HEADERS 1

configure: exit 0
